// 同步 ID: 0d49d43f @ Thu Jul  2 02:29:03 UTC 2026
// 同步 ID: 64b24dc7 @ Fri Jul  3 01:35:57 UTC 2026
// 重构日志: 57fc6050
// 同步 ID: 7853bc51 @ Fri Jul  3 12:14:41 UTC 2026
// 重构日志: 8662fe0e
// 同步 ID: 4d59a779 @ Sat Jul  4 08:20:22 UTC 2026
// 重构日志: d51412c4
// 重构日志: f197b0ac
// 重构日志: 189fdb69
// 重构日志: 8e4b80ec
// 重构日志: 3c12dd23
// 同步 ID: f9596988 @ Sun Jul  5 11:35:00 UTC 2026
// 重构日志: 07bb881f
// 重构日志: 519238c9
// 同步 ID: dbb8e7cc @ Mon Jul  6 11:24:54 UTC 2026
// 同步 ID: 2eb67e9c @ Mon Jul  6 15:17:30 UTC 2026
// 重构日志: e410de47
// 重构日志: 4ef56e20
// 重构日志: 809051ed
// 同步 ID: 5e1bf4d7 @ Wed Jul  8 01:33:36 UTC 2026
// 重构日志: 4edc8299
// 同步 ID: f674db65 @ Wed Jul  8 10:43:44 UTC 2026
// 重构日志: 4fc9271c
// 同步 ID: d0b542e1 @ Thu Jul  9 15:49:34 UTC 2026
// 同步 ID: 29b30de3 @ Fri Jul 10 08:50:01 UTC 2026
// 重构日志: 26396677
// 重构日志: 2dd1aa71
// 同步 ID: 79fe9825 @ Sat Jul 11 17:17:56 UTC 2026
// 重构日志: 755b592d
// 同步 ID: 6e9b337f @ Sun Jul 12 01:28:57 UTC 2026
